<?xml version="1.0" encoding="UTF-8"?>
<testsuite name="com.mjc.school.service.NewsServiceImplTest" tests="14" skipped="0" failures="0" errors="0" timestamp="2023-09-20T17:36:45" hostname="ANDREYPC" time="0.334">
  <properties/>
  <testcase name="deleteNewsWithValidId()" classname="com.mjc.school.service.NewsServiceImplTest" time="0.167"/>
  <testcase name="canGetAllNews()" classname="com.mjc.school.service.NewsServiceImplTest" time="0.083"/>
  <testcase name="updateNewsWithInvalidAuthorId()" classname="com.mjc.school.service.NewsServiceImplTest" time="0.018"/>
  <testcase name="updateNewsWithInvalidId()" classname="com.mjc.school.service.NewsServiceImplTest" time="0.008"/>
  <testcase name="updateNewsWithInvalidContent()" classname="com.mjc.school.service.NewsServiceImplTest" time="0.004"/>
  <testcase name="createNewsWithInvalidAuthorId()" classname="com.mjc.school.service.NewsServiceImplTest" time="0.007"/>
  <testcase name="updateValidNews()" classname="com.mjc.school.service.NewsServiceImplTest" time="0.003"/>
  <testcase name="deleteNewsWithInvalidId()" classname="com.mjc.school.service.NewsServiceImplTest" time="0.003"/>
  <testcase name="createNewsWithInvalidTitle()" classname="com.mjc.school.service.NewsServiceImplTest" time="0.004"/>
  <testcase name="getNewsThatDoesNotExistsById()" classname="com.mjc.school.service.NewsServiceImplTest" time="0.002"/>
  <testcase name="updateNewsWithInvalidTitle()" classname="com.mjc.school.service.NewsServiceImplTest" time="0.003"/>
  <testcase name="createValidNews()" classname="com.mjc.school.service.NewsServiceImplTest" time="0.003"/>
  <testcase name="createNewsWithInvalidContent()" classname="com.mjc.school.service.NewsServiceImplTest" time="0.005"/>
  <testcase name="getNewsThatExistsById()" classname="com.mjc.school.service.NewsServiceImplTest" time="0.005"/>
  <system-out><![CDATA[ERROR_CODE: 000002 ERROR_MESSAGE: Author Id does not exist. Author Id is: 12
ERROR_CODE: 000001 ERROR_MESSAGE: News with id 41 does not exist
ERROR_CODE: 000004 ERROR_MESSAGE: Content length is wrong. Content field should have length of value from 5 to 255. News content is newC
ERROR_CODE: 000002 ERROR_MESSAGE: Author Id does not exist. Author Id is: 4
ERROR_CODE: 000001 ERROR_MESSAGE: News with id 7 does not exist
ERROR_CODE: 000003 ERROR_MESSAGE: Title length is wrong. Title field should have length of value from 5 to 30. News title is tit
ERROR_CODE: 000001 ERROR_MESSAGE: News with id 10 does not exist
ERROR_CODE: 000003 ERROR_MESSAGE: Title length is wrong. Title field should have length of value from 5 to 30. News title is newT
ERROR_CODE: 000004 ERROR_MESSAGE: Content length is wrong. Content field should have length of value from 5 to 255. News content is cont
]]></system-out>
  <system-err><![CDATA[]]></system-err>
</testsuite>
